<?xml version="1.0" encoding="UTF-8"?>
<!-- Generated by org.testng.reporters.JUnitReportReporter -->
<testsuite hostname="IN-H8W0BK3" failures="0" tests="1" name="com.nagarro.salesforce.utopia.reports.ExtentReportDemo" time="0.278" errors="0" timestamp="2022-09-30T00:58:43 IST" skipped="0">
  <testcase classname="com.nagarro.salesforce.utopia.reports.ExtentReportDemo" name="LoginTest" time="0.278"/>
  <system-out/>
</testsuite> <!-- com.nagarro.salesforce.utopia.reports.ExtentReportDemo -->
